<?xml version="1.0" encoding="UTF-8"?>
<testsuite xmlns:xsi="http://www.w3.org/2001/XMLSchema-instance" xsi:noNamespaceSchemaLocation="https://maven.apache.org/surefire/maven-surefire-plugin/xsd/surefire-test-report.xsd" name="domainapp.modules.simple.integtests.tests.SimpleObjects_IntegTest$Create" time="3.433" tests="2" errors="0" skipped="0" failures="0">
  <properties>
[...]
</properties>
  <testcase name="happyCase" classname="domainapp.modules.simple.integtests.tests.SimpleObjects_IntegTest$Create" time="2.657"/>
  <testcase name="whenAlreadyExists" classname="domainapp.modules.simple.integtests.tests.SimpleObjects_IntegTest$Create" time="0.045"/>
</testsuite>