<?xml version="1.0" encoding="UTF-8"?>
<testsuite xmlns:xsi="http://www.w3.org/2001/XMLSchema-instance" xsi:noNamespaceSchemaLocation="https://maven.apache.org/surefire/maven-surefire-plugin/xsd/surefire-test-report.xsd" name="MetaModelService_IntegTest" time="3.166" tests="2" errors="0" skipped="2" failures="0">
  <properties>
[...]
</properties>
  <testcase name="_2_verify" classname="domainapp.application.integtests.mml.MetaModelService_IntegTest" time="0">
    <skipped message="got: null, expected: is not null" type="org.junit.AssumptionViolatedException">org.junit.AssumptionViolatedException: got: null, expected: is not null
	at domainapp.application.integtests.mml.MetaModelService_IntegTest._2_verify(MetaModelService_IntegTest.java:96)
</skipped>
    <system-out><![CDATA[09:23:50,892  [HeadlessWithBootstrappingAbstract main       INFO ]  isis.integTest.module = 
09:23:50,935  [IsisConfiguration    main       INFO ]  === BUILT/DONE ===
09:23:50,936  [ModulePackageHelper  main       INFO ]  Discover the application's domain and register all types using manifest 'org.apache.isis.config.builder.IsisConfigurationBuilderDefault$1' ...
09:23:51,187  [Reflections          main       INFO ]  Reflections took 216 ms to scan 12 urls, producing 318 keys and 1043 values 
09:23:51,327  [ServicesInstallerFromConfigurationAndAnnotation main       INFO ]  installing org.apache.isis.core.runtime.services.ServicesInstallerFromConfigurationAndAnnotation
09:23:51,772  [IsisSessionFactoryBuilder main       INFO ]  initialising Isis System
09:23:51,772  [IsisSessionFactoryBuilder main       INFO ]  working directory: C:\mvn\headlesstesting\application\.
09:23:51,772  [IsisSessionFactoryBuilder main       INFO ]  resource stream source: chain []
09:23:51,979  [SpecificationLoader  Thread-1   INFO ]  Loading all specs (up to state of NOT_INTROSPECTED)
09:23:52,036  [PersistenceSessionFactory5 Thread-2   INFO ]  did *not* find config properties to use JNDI datasource; will use JDBC
09:23:52,151  [SpecificationLoader  Thread-1   INFO ]  Introspecting all specs up to TYPE_INTROSPECTED
09:23:52,752  [ThreadPoolSupport    Thread-1   INFO ]  join'ing 137 tasks: waited 0.063389 milliseconds 
09:23:52,752  [SpecificationLoader  Thread-1   INFO ]  Introspecting domainService specs up to TYPE_AND_MEMBERS_INTROSPECTED
09:23:52,987  [Schema               Thread-2   DEBUG]  Adding/Dropping temporary table so we can determine the catalog/schema for this datasource. Specify "datanucleus.mapping.Catalog"/"datanucleus.mapping.Schema" to avoid this check
09:23:53,020  [Schema               Thread-2   DEBUG]  CREATE TABLE "DELETEME1549391032994"
(
    "UNUSED" INTEGER NOT NULL
)
09:23:53,021  [Schema               Thread-2   DEBUG]  SQL Execution Time = 1 ms
09:23:53,033  [Schema               Thread-2   DEBUG]  DROP TABLE "DELETEME1549391032994"
09:23:53,033  [Schema               Thread-2   DEBUG]  SQL Execution Time = 0 ms
09:23:53,090  [ThreadPoolSupport    Thread-1   INFO ]  join'ing 89 tasks: waited 0.022337 milliseconds 
09:23:53,090  [SpecificationLoader  Thread-1   INFO ]  Introspecting mixin specs up to TYPE_AND_MEMBERS_INTROSPECTED
09:23:53,099  [Schema               Thread-2   DEBUG]  Field [DATASTORE_ID] -> Column(s) ["simple"."SimpleObject"."id"] using mapping of type "org.datanucleus.store.rdbms.mapping.java.DatastoreIdMapping" (org.datanucleus.store.rdbms.mapping.column.BigIntColumnMapping)
09:23:53,102  [Schema               Thread-2   DEBUG]  Table "simple"."SimpleObject" will manage the persistence of the fields for class domainapp.modules.simple.dom.impl.SimpleObject (inheritance strategy="new-table") 
09:23:53,104  [Schema               Thread-2   DEBUG]  Field [domainapp.modules.simple.dom.impl.SimpleObject.name] -> Column(s) ["simple"."SimpleObject"."name"] using mapping of type "org.datanucleus.store.rdbms.mapping.java.StringMapping" (org.datanucleus.store.rdbms.mapping.column.VarCharColumnMapping)
09:23:53,105  [Schema               Thread-2   DEBUG]  Field [domainapp.modules.simple.dom.impl.SimpleObject.notes] -> Column(s) ["simple"."SimpleObject"."notes"] using mapping of type "org.datanucleus.store.rdbms.mapping.java.StringMapping" (org.datanucleus.store.rdbms.mapping.column.VarCharColumnMapping)
09:23:53,105  [Schema               Thread-2   DEBUG]  Field [VERSION] -> Column(s) ["simple"."SimpleObject"."version"] using mapping of type "org.datanucleus.store.rdbms.mapping.java.VersionMapping$VersionTimestampMapping" (org.datanucleus.store.rdbms.mapping.column.TimestampColumnMapping)
09:23:53,105  [Schema               Thread-2   DEBUG]  Table/View "simple"."SimpleObject" has been initialised
09:23:53,107  [Schema               Thread-2   DEBUG]  Schema Transaction STARTED with connection "org.datanucleus.store.rdbms.datasource.dbcp2.PoolingDataSource$PoolGuardConnectionWrapper@65fd82c5" with isolation "serializable"
09:23:53,110  [Schema               Thread-2   DEBUG]  Check of existence of "simple"."SimpleObject" returned no table
09:23:53,111  [Schema               Thread-2   DEBUG]  CREATE TABLE "simple"."SimpleObject"
(
    "id" BIGINT GENERATED BY DEFAULT AS IDENTITY,
    "name" VARCHAR(40) NOT NULL,
    "notes" VARCHAR(4000) NULL,
    "version" TIMESTAMP NOT NULL,
    CONSTRAINT "SimpleObject_PK" PRIMARY KEY ("id")
)
09:23:53,112  [Schema               Thread-2   DEBUG]  SQL Execution Time = 1 ms
09:23:53,117  [Schema               Thread-2   DEBUG]  Loading column info for table(s) "SimpleObject" in Catalog "", Schema "simple"
09:23:53,121  [ThreadPoolSupport    Thread-1   INFO ]  join'ing 11 tasks: waited 0.004226 milliseconds 
09:23:53,121  [SpecificationLoader  Thread-1   INFO ]  Introspecting all cached specs up to TYPE_AND_MEMBERS_INTROSPECTED
09:23:53,145  [Schema               Thread-2   DEBUG]  Column info loaded for Catalog "", Schema "simple", 1 tables, time = 28 ms
09:23:53,146  [Schema               Thread-2   DEBUG]  Column info retrieved for table "SimpleObject" : 4 columns found
09:23:53,148  [Schema               Thread-2   DEBUG]  ALTER TABLE "simple"."SimpleObject" ADD CONSTRAINT "SimpleObject_name_UNQ" UNIQUE ("name")
09:23:53,150  [Schema               Thread-2   DEBUG]  SQL Execution Time = 2 ms
09:23:53,151  [Schema               Thread-2   DEBUG]  Schema Transaction COMMITTING with connection "org.datanucleus.store.rdbms.datasource.dbcp2.PoolingDataSource$PoolGuardConnectionWrapper@65fd82c5"
09:23:53,151  [Schema               Thread-2   DEBUG]  Schema Transaction CLOSED with connection "org.datanucleus.store.rdbms.datasource.dbcp2.PoolingDataSource$PoolGuardConnectionWrapper@65fd82c5"
09:23:53,192  [ThreadPoolSupport    Thread-1   INFO ]  join'ing 189 tasks: waited 0.02777 milliseconds 
09:23:53,192  [SpecificationLoader  Thread-1   INFO ]  init() - done
09:23:53,193  [ThreadPoolSupport    main       INFO ]  join'ing 5 tasks: waited 0.003623 milliseconds 
09:23:53,200  [PersistenceSessionFactory5 main       INFO ]  did *not* find config properties to use JNDI datasource; will use JDBC
09:23:53,236  [Schema               main       DEBUG]  Adding/Dropping temporary table so we can determine the catalog/schema for this datasource. Specify "datanucleus.mapping.Catalog"/"datanucleus.mapping.Schema" to avoid this check
09:23:53,237  [Schema               main       DEBUG]  CREATE TABLE "DELETEME1549391033236"
(
    "UNUSED" INTEGER NOT NULL
)
09:23:53,237  [Schema               main       DEBUG]  SQL Execution Time = 0 ms
09:23:53,238  [Schema               main       DEBUG]  DROP TABLE "DELETEME1549391033236"
09:23:53,239  [Schema               main       DEBUG]  SQL Execution Time = 0 ms
09:23:53,247  [Schema               main       DEBUG]  Field [DATASTORE_ID] -> Column(s) ["simple"."SimpleObject"."id"] using mapping of type "org.datanucleus.store.rdbms.mapping.java.DatastoreIdMapping" (org.datanucleus.store.rdbms.mapping.column.BigIntColumnMapping)
09:23:53,248  [Schema               main       DEBUG]  Table "simple"."SimpleObject" will manage the persistence of the fields for class domainapp.modules.simple.dom.impl.SimpleObject (inheritance strategy="new-table") 
09:23:53,248  [Schema               main       DEBUG]  Field [domainapp.modules.simple.dom.impl.SimpleObject.name] -> Column(s) ["simple"."SimpleObject"."name"] using mapping of type "org.datanucleus.store.rdbms.mapping.java.StringMapping" (org.datanucleus.store.rdbms.mapping.column.VarCharColumnMapping)
09:23:53,248  [Schema               main       DEBUG]  Field [domainapp.modules.simple.dom.impl.SimpleObject.notes] -> Column(s) ["simple"."SimpleObject"."notes"] using mapping of type "org.datanucleus.store.rdbms.mapping.java.StringMapping" (org.datanucleus.store.rdbms.mapping.column.VarCharColumnMapping)
09:23:53,248  [Schema               main       DEBUG]  Field [VERSION] -> Column(s) ["simple"."SimpleObject"."version"] using mapping of type "org.datanucleus.store.rdbms.mapping.java.VersionMapping$VersionTimestampMapping" (org.datanucleus.store.rdbms.mapping.column.TimestampColumnMapping)
09:23:53,248  [Schema               main       DEBUG]  Table/View "simple"."SimpleObject" has been initialised
09:23:53,248  [Schema               main       DEBUG]  Schema Transaction STARTED with connection "org.datanucleus.store.rdbms.datasource.dbcp2.PoolingDataSource$PoolGuardConnectionWrapper@8ed9cf" with isolation "serializable"
09:23:53,249  [Schema               main       DEBUG]  Check of existence of "simple"."SimpleObject" returned table type of TABLE
09:23:53,250  [Schema               main       DEBUG]  Loading column info for table(s) "SimpleObject" in Catalog "", Schema "simple"
09:23:53,269  [Schema               main       DEBUG]  Column info loaded for Catalog "", Schema "simple", 1 tables, time = 19 ms
09:23:53,269  [Schema               main       DEBUG]  Column info retrieved for table "SimpleObject" : 4 columns found
09:23:53,272  [Schema               main       DEBUG]  Validating 2 unique key(s) for table "simple"."SimpleObject"
09:23:53,274  [Schema               main       DEBUG]  Validating 0 foreign key(s) for table "simple"."SimpleObject"
09:23:53,275  [Schema               main       DEBUG]  Validating 2 index(es) for table "simple"."SimpleObject"
09:23:53,275  [Schema               main       DEBUG]  Schema Transaction COMMITTING with connection "org.datanucleus.store.rdbms.datasource.dbcp2.PoolingDataSource$PoolGuardConnectionWrapper@8ed9cf"
09:23:53,276  [Schema               main       DEBUG]  Schema Transaction CLOSED with connection "org.datanucleus.store.rdbms.datasource.dbcp2.PoolingDataSource$PoolGuardConnectionWrapper@8ed9cf"
09:23:53,371  [ServiceInitializer   main       INFO ]  calling @PostConstruct on all domain services
09:23:53,518  [EmailServiceDefault  main       WARN ]  NOT configured
09:23:53,689  [IsisSystemBootstrapper main       INFO ]  ##########################################################################
09:23:53,690  [IsisSystemBootstrapper main       INFO ]  # Bootstrapped in 2376 millis
09:23:53,690  [IsisSystemBootstrapper main       INFO ]  ##########################################################################
                                                            : EXEC org.apache.isis.applib.AppManifestAbstract2$1
09:23:53,706  [HeadlessWithBootstrappingAbstract main       INFO ]  ### TEST: domainapp.application.integtests.mml.MetaModelService_IntegTest
                                                            : EXEC org.apache.isis.applib.AppManifestAbstract2$2
/                                                           : EXEC domainapp.modules.simple.SimpleModule$1
]]></system-out>
  </testcase>
  <testcase name="_1_learn" classname="domainapp.application.integtests.mml.MetaModelService_IntegTest" time="0">
    <skipped message="got: null, expected: is not null" type="org.junit.AssumptionViolatedException">org.junit.AssumptionViolatedException: got: null, expected: is not null
	at domainapp.application.integtests.mml.MetaModelService_IntegTest._1_learn(MetaModelService_IntegTest.java:62)
</skipped>
    <system-out><![CDATA[09:23:53,739  [HeadlessWithBootstrappingAbstract main       INFO ]  isis.integTest.module = 
09:23:53,740  [IsisConfiguration    main       INFO ]  === BUILT/DONE ===
09:23:53,740  [ModulePackageHelper  main       INFO ]  Discover the application's domain and register all types using manifest 'org.apache.isis.config.builder.IsisConfigurationBuilderDefault$1' ...
09:23:53,858  [Reflections          main       INFO ]  Reflections took 113 ms to scan 12 urls, producing 318 keys and 1043 values 
                                                            : EXEC org.apache.isis.applib.AppManifestAbstract2$1
09:23:53,864  [HeadlessWithBootstrappingAbstract main       INFO ]  ### TEST: domainapp.application.integtests.mml.MetaModelService_IntegTest
                                                            : EXEC org.apache.isis.applib.AppManifestAbstract2$2
/                                                           : EXEC domainapp.modules.simple.SimpleModule$1
]]></system-out>
  </testcase>
</testsuite>