<?xml version="1.0" encoding="UTF-8"?>
<testsuite xmlns:xsi="http://www.w3.org/2001/XMLSchema-instance" xsi:noNamespaceSchemaLocation="https://maven.apache.org/surefire/maven-surefire-plugin/xsd/surefire-test-report.xsd" name="MetaModelService_IntegTest" time="3.141" tests="2" errors="0" skipped="2" failures="0">
  <properties>
[...]
</properties>
  <testcase name="_2_verify" classname="domainapp.application.integtests.mml.MetaModelService_IntegTest" time="0">
    <skipped message="got: null, expected: is not null" type="org.junit.AssumptionViolatedException">org.junit.AssumptionViolatedException: got: null, expected: is not null
	at domainapp.application.integtests.mml.MetaModelService_IntegTest._2_verify(MetaModelService_IntegTest.java:96)
</skipped>
    <system-out><![CDATA[08:57:05,744  [HeadlessWithBootstrappingAbstract main       INFO ]  isis.integTest.module = 
08:57:05,787  [IsisConfiguration    main       INFO ]  === BUILT/DONE ===
08:57:05,788  [ModulePackageHelper  main       INFO ]  Discover the application's domain and register all types using manifest 'org.apache.isis.config.builder.IsisConfigurationBuilderDefault$1' ...
08:57:06,046  [Reflections          main       INFO ]  Reflections took 224 ms to scan 12 urls, producing 319 keys and 1045 values 
08:57:06,195  [ServicesInstallerFromConfigurationAndAnnotation main       INFO ]  installing org.apache.isis.core.runtime.services.ServicesInstallerFromConfigurationAndAnnotation
08:57:06,558  [IsisSessionFactoryBuilder main       INFO ]  initialising Isis System
08:57:06,558  [IsisSessionFactoryBuilder main       INFO ]  working directory: C:\mvn\headlesstesting\application\.
08:57:06,558  [IsisSessionFactoryBuilder main       INFO ]  resource stream source: chain []
08:57:06,739  [SpecificationLoader  Thread-1   INFO ]  Loading all specs (up to state of NOT_INTROSPECTED)
08:57:06,760  [PersistenceSessionFactory5 Thread-2   INFO ]  did *not* find config properties to use JNDI datasource; will use JDBC
08:57:06,925  [SpecificationLoader  Thread-1   INFO ]  Introspecting all specs up to TYPE_INTROSPECTED
08:57:07,503  [ThreadPoolSupport    Thread-1   INFO ]  join'ing 137 tasks: waited 0.091764 milliseconds 
08:57:07,504  [SpecificationLoader  Thread-1   INFO ]  Introspecting domainService specs up to TYPE_AND_MEMBERS_INTROSPECTED
08:57:07,789  [Schema               Thread-2   DEBUG]  Adding/Dropping temporary table so we can determine the catalog/schema for this datasource. Specify "datanucleus.mapping.Catalog"/"datanucleus.mapping.Schema" to avoid this check
08:57:07,830  [Schema               Thread-2   DEBUG]  CREATE TABLE "DELETEME1549475827796"
(
    "UNUSED" INTEGER NOT NULL
)
08:57:07,835  [Schema               Thread-2   DEBUG]  SQL Execution Time = 4 ms
08:57:07,853  [Schema               Thread-2   DEBUG]  DROP TABLE "DELETEME1549475827796"
08:57:07,854  [Schema               Thread-2   DEBUG]  SQL Execution Time = 1 ms
08:57:07,930  [Schema               Thread-2   DEBUG]  Field [DATASTORE_ID] -> Column(s) ["simple"."SimpleObject"."id"] using mapping of type "org.datanucleus.store.rdbms.mapping.java.DatastoreIdMapping" (org.datanucleus.store.rdbms.mapping.column.BigIntColumnMapping)
08:57:07,933  [Schema               Thread-2   DEBUG]  Table "simple"."SimpleObject" will manage the persistence of the fields for class domainapp.modules.simple.dom.impl.SimpleObject (inheritance strategy="new-table") 
08:57:07,935  [Schema               Thread-2   DEBUG]  Field [domainapp.modules.simple.dom.impl.SimpleObject.name] -> Column(s) ["simple"."SimpleObject"."name"] using mapping of type "org.datanucleus.store.rdbms.mapping.java.StringMapping" (org.datanucleus.store.rdbms.mapping.column.VarCharColumnMapping)
08:57:07,936  [Schema               Thread-2   DEBUG]  Field [domainapp.modules.simple.dom.impl.SimpleObject.notes] -> Column(s) ["simple"."SimpleObject"."notes"] using mapping of type "org.datanucleus.store.rdbms.mapping.java.StringMapping" (org.datanucleus.store.rdbms.mapping.column.VarCharColumnMapping)
08:57:07,936  [Schema               Thread-2   DEBUG]  Field [VERSION] -> Column(s) ["simple"."SimpleObject"."version"] using mapping of type "org.datanucleus.store.rdbms.mapping.java.VersionMapping$VersionTimestampMapping" (org.datanucleus.store.rdbms.mapping.column.TimestampColumnMapping)
08:57:07,936  [Schema               Thread-2   DEBUG]  Table/View "simple"."SimpleObject" has been initialised
08:57:07,938  [Schema               Thread-2   DEBUG]  Schema Transaction STARTED with connection "org.datanucleus.store.rdbms.datasource.dbcp2.PoolingDataSource$PoolGuardConnectionWrapper@68d2c82d" with isolation "serializable"
08:57:07,941  [Schema               Thread-2   DEBUG]  Check of existence of "simple"."SimpleObject" returned no table
08:57:07,942  [Schema               Thread-2   DEBUG]  CREATE TABLE "simple"."SimpleObject"
(
    "id" BIGINT GENERATED BY DEFAULT AS IDENTITY,
    "name" VARCHAR(40) NOT NULL,
    "notes" VARCHAR(4000) NULL,
    "version" TIMESTAMP NOT NULL,
    CONSTRAINT "SimpleObject_PK" PRIMARY KEY ("id")
)
08:57:07,943  [Schema               Thread-2   DEBUG]  SQL Execution Time = 1 ms
08:57:07,948  [Schema               Thread-2   DEBUG]  Loading column info for table(s) "SimpleObject" in Catalog "", Schema "simple"
08:57:07,972  [Schema               Thread-2   DEBUG]  Column info loaded for Catalog "", Schema "simple", 1 tables, time = 25 ms
08:57:07,973  [Schema               Thread-2   DEBUG]  Column info retrieved for table "SimpleObject" : 4 columns found
08:57:07,974  [Schema               Thread-2   DEBUG]  ALTER TABLE "simple"."SimpleObject" ADD CONSTRAINT "SimpleObject_name_UNQ" UNIQUE ("name")
08:57:07,976  [Schema               Thread-2   DEBUG]  SQL Execution Time = 2 ms
08:57:07,977  [Schema               Thread-2   DEBUG]  Schema Transaction COMMITTING with connection "org.datanucleus.store.rdbms.datasource.dbcp2.PoolingDataSource$PoolGuardConnectionWrapper@68d2c82d"
08:57:07,977  [Schema               Thread-2   DEBUG]  Schema Transaction CLOSED with connection "org.datanucleus.store.rdbms.datasource.dbcp2.PoolingDataSource$PoolGuardConnectionWrapper@68d2c82d"
08:57:07,998  [ThreadPoolSupport    Thread-1   INFO ]  join'ing 89 tasks: waited 0.041052 milliseconds 
08:57:07,998  [SpecificationLoader  Thread-1   INFO ]  Introspecting mixin specs up to TYPE_AND_MEMBERS_INTROSPECTED
08:57:08,011  [ThreadPoolSupport    Thread-1   INFO ]  join'ing 11 tasks: waited 0.005131 milliseconds 
08:57:08,012  [SpecificationLoader  Thread-1   INFO ]  Introspecting all cached specs up to TYPE_AND_MEMBERS_INTROSPECTED
08:57:08,063  [ThreadPoolSupport    Thread-1   INFO ]  join'ing 189 tasks: waited 0.038637 milliseconds 
08:57:08,063  [SpecificationLoader  Thread-1   INFO ]  init() - done
08:57:08,064  [ThreadPoolSupport    main       INFO ]  join'ing 5 tasks: waited 0.003925 milliseconds 
08:57:08,074  [PersistenceSessionFactory5 main       INFO ]  did *not* find config properties to use JNDI datasource; will use JDBC
08:57:08,109  [Schema               main       DEBUG]  Adding/Dropping temporary table so we can determine the catalog/schema for this datasource. Specify "datanucleus.mapping.Catalog"/"datanucleus.mapping.Schema" to avoid this check
08:57:08,109  [Schema               main       DEBUG]  CREATE TABLE "DELETEME1549475828109"
(
    "UNUSED" INTEGER NOT NULL
)
08:57:08,110  [Schema               main       DEBUG]  SQL Execution Time = 1 ms
08:57:08,111  [Schema               main       DEBUG]  DROP TABLE "DELETEME1549475828109"
08:57:08,111  [Schema               main       DEBUG]  SQL Execution Time = 0 ms
08:57:08,121  [Schema               main       DEBUG]  Field [DATASTORE_ID] -> Column(s) ["simple"."SimpleObject"."id"] using mapping of type "org.datanucleus.store.rdbms.mapping.java.DatastoreIdMapping" (org.datanucleus.store.rdbms.mapping.column.BigIntColumnMapping)
08:57:08,121  [Schema               main       DEBUG]  Table "simple"."SimpleObject" will manage the persistence of the fields for class domainapp.modules.simple.dom.impl.SimpleObject (inheritance strategy="new-table") 
08:57:08,121  [Schema               main       DEBUG]  Field [domainapp.modules.simple.dom.impl.SimpleObject.name] -> Column(s) ["simple"."SimpleObject"."name"] using mapping of type "org.datanucleus.store.rdbms.mapping.java.StringMapping" (org.datanucleus.store.rdbms.mapping.column.VarCharColumnMapping)
08:57:08,121  [Schema               main       DEBUG]  Field [domainapp.modules.simple.dom.impl.SimpleObject.notes] -> Column(s) ["simple"."SimpleObject"."notes"] using mapping of type "org.datanucleus.store.rdbms.mapping.java.StringMapping" (org.datanucleus.store.rdbms.mapping.column.VarCharColumnMapping)
08:57:08,121  [Schema               main       DEBUG]  Field [VERSION] -> Column(s) ["simple"."SimpleObject"."version"] using mapping of type "org.datanucleus.store.rdbms.mapping.java.VersionMapping$VersionTimestampMapping" (org.datanucleus.store.rdbms.mapping.column.TimestampColumnMapping)
08:57:08,122  [Schema               main       DEBUG]  Table/View "simple"."SimpleObject" has been initialised
08:57:08,122  [Schema               main       DEBUG]  Schema Transaction STARTED with connection "org.datanucleus.store.rdbms.datasource.dbcp2.PoolingDataSource$PoolGuardConnectionWrapper@5fad41be" with isolation "serializable"
08:57:08,123  [Schema               main       DEBUG]  Check of existence of "simple"."SimpleObject" returned table type of TABLE
08:57:08,123  [Schema               main       DEBUG]  Loading column info for table(s) "SimpleObject" in Catalog "", Schema "simple"
08:57:08,138  [Schema               main       DEBUG]  Column info loaded for Catalog "", Schema "simple", 1 tables, time = 15 ms
08:57:08,138  [Schema               main       DEBUG]  Column info retrieved for table "SimpleObject" : 4 columns found
08:57:08,141  [Schema               main       DEBUG]  Validating 2 unique key(s) for table "simple"."SimpleObject"
08:57:08,142  [Schema               main       DEBUG]  Validating 0 foreign key(s) for table "simple"."SimpleObject"
08:57:08,143  [Schema               main       DEBUG]  Validating 2 index(es) for table "simple"."SimpleObject"
08:57:08,143  [Schema               main       DEBUG]  Schema Transaction COMMITTING with connection "org.datanucleus.store.rdbms.datasource.dbcp2.PoolingDataSource$PoolGuardConnectionWrapper@5fad41be"
08:57:08,144  [Schema               main       DEBUG]  Schema Transaction CLOSED with connection "org.datanucleus.store.rdbms.datasource.dbcp2.PoolingDataSource$PoolGuardConnectionWrapper@5fad41be"
08:57:08,227  [ServiceInitializer   main       INFO ]  calling @PostConstruct on all domain services
08:57:08,373  [EmailServiceDefault  main       WARN ]  NOT configured
08:57:08,494  [IsisSystemBootstrapper main       INFO ]  ##########################################################################
08:57:08,494  [IsisSystemBootstrapper main       INFO ]  # Bootstrapped in 2311 millis
08:57:08,494  [IsisSystemBootstrapper main       INFO ]  ##########################################################################
                                                            : EXEC org.apache.isis.applib.AppManifestAbstract2$1
08:57:08,521  [HeadlessWithBootstrappingAbstract main       INFO ]  ### TEST: domainapp.application.integtests.mml.MetaModelService_IntegTest
                                                            : EXEC org.apache.isis.applib.AppManifestAbstract2$2
/                                                           : EXEC domainapp.modules.simple.SimpleModule$1
]]></system-out>
  </testcase>
  <testcase name="_1_learn" classname="domainapp.application.integtests.mml.MetaModelService_IntegTest" time="0">
    <skipped message="got: null, expected: is not null" type="org.junit.AssumptionViolatedException">org.junit.AssumptionViolatedException: got: null, expected: is not null
	at domainapp.application.integtests.mml.MetaModelService_IntegTest._1_learn(MetaModelService_IntegTest.java:62)
</skipped>
    <system-out><![CDATA[08:57:08,566  [HeadlessWithBootstrappingAbstract main       INFO ]  isis.integTest.module = 
08:57:08,567  [IsisConfiguration    main       INFO ]  === BUILT/DONE ===
08:57:08,567  [ModulePackageHelper  main       INFO ]  Discover the application's domain and register all types using manifest 'org.apache.isis.config.builder.IsisConfigurationBuilderDefault$1' ...
08:57:08,689  [Reflections          main       INFO ]  Reflections took 118 ms to scan 12 urls, producing 319 keys and 1045 values 
                                                            : EXEC org.apache.isis.applib.AppManifestAbstract2$1
08:57:08,695  [HeadlessWithBootstrappingAbstract main       INFO ]  ### TEST: domainapp.application.integtests.mml.MetaModelService_IntegTest
                                                            : EXEC org.apache.isis.applib.AppManifestAbstract2$2
/                                                           : EXEC domainapp.modules.simple.SimpleModule$1
]]></system-out>
  </testcase>
</testsuite>